<?xml version="1.0" encoding="UTF-8"?>
<!-- Generated by org.testng.reporters.JUnitReportReporter -->
<testsuite skipped="0" hostname="BDC3-DX-BRX4T72" name="com.test.Newtest12" tests="1" failures="0" timestamp="08 Aug 2018 07:34:13 GMT" time="8.414" errors="0">
  <testcase name="testLogin" time="8.414" classname="com.test.Newtest12"/>
</testsuite> <!-- com.test.Newtest12 -->
