<?xml version="1.0" encoding="UTF-8"?>
<!-- Generated by org.testng.reporters.JUnitReportReporter -->
<testsuite skipped="0" hostname="BDC3-DX-BRX4T72" name="com.test.NewTest6" tests="2" failures="0" timestamp="06 Aug 2018 05:48:38 GMT" time="30.011" errors="0">
  <testcase name="testnewtour" time="14.663" classname="com.test.NewTest6"/>
  <testcase name="testgoogle" time="15.348" classname="com.test.NewTest6"/>
</testsuite> <!-- com.test.NewTest6 -->
