<?xml version="1.0" encoding="UTF-8"?>
<!-- Generated by org.testng.reporters.JUnitReportReporter -->
<testsuite skipped="0" hostname="BDC3-DX-BRX4T72" name="com.test.NewTest8" tests="2" failures="0" timestamp="06 Aug 2018 06:53:47 GMT" time="0.016" errors="0">
  <testcase name="f" time="0.015" classname="com.test.NewTest8"/>
  <testcase name="f" time="0.001" classname="com.test.NewTest8"/>
</testsuite> <!-- com.test.NewTest8 -->
