<?xml version="1.0" encoding="UTF-8"?>
<!-- Generated by org.testng.reporters.JUnitReportReporter -->
<testsuite skipped="0" hostname="BDC3-DX-BRX4T72" name="com.test.Newtest2" tests="2" failures="0" timestamp="02 Aug 2018 06:15:32 GMT" time="0.018" errors="0">
  <testcase name="testlogin" time="0.015" classname="com.test.Newtest2"/>
  <testcase name="testregistration" time="0.003" classname="com.test.Newtest2"/>
</testsuite> <!-- com.test.Newtest2 -->
