<?xml version="1.0" encoding="UTF-8"?>
<!-- Generated by org.testng.reporters.JUnitReportReporter -->
<testsuite skipped="0" hostname="BDC3-DX-BRX4T72" name="com.test.Newtest1" tests="1" failures="0" timestamp="02 Aug 2018 06:05:27 GMT" time="0.015" errors="0">
  <testcase name="testgoogle" time="0.015" classname="com.test.Newtest1"/>
</testsuite> <!-- com.test.Newtest1 -->
