<?xml version="1.0" encoding="UTF-8"?>
<!-- Generated by org.testng.reporters.JUnitReportReporter -->
<testsuite skipped="0" hostname="BDC3-DX-BRX4T72" name="com.test.NewTest7" tests="1" failures="0" timestamp="06 Aug 2018 06:31:19 GMT" time="0.008" errors="0">
  <testcase name="f" time="0.008" classname="com.test.NewTest7"/>
</testsuite> <!-- com.test.NewTest7 -->
